TN:
SF:src/App.tsx
FN:1,get
FNF:1
FNH:1
FNDA:1,get
DA:1,1
LF:1
LH:1
BRDA:1,0,0,1
BRF:1
BRH:1
end_of_record
TN:
SF:src/app/App.tsx
FN:4,App
FNF:1
FNH:1
FNDA:2,App
DA:1,1
DA:2,1
DA:3,1
DA:4,2
DA:5,2
DA:6,2
DA:7,2
DA:8,2
DA:9,2
DA:10,2
LF:10
LH:10
BRDA:4,0,0,2
BRF:1
BRH:1
end_of_record
TN:
SF:src/app/layouts/AppLayout.tsx
FN:18,AppLayout
FNF:1
FNH:1
FNDA:28,AppLayout
DA:1,1
DA:2,1
DA:3,1
DA:4,1
DA:5,1
DA:6,1
DA:7,1
DA:8,1
DA:9,1
DA:10,1
DA:11,1
DA:12,1
DA:13,1
DA:14,1
DA:15,1
DA:16,1
DA:17,1
DA:18,28
DA:19,28
DA:20,28
DA:21,28
DA:22,28
DA:23,28
DA:24,28
DA:25,28
DA:26,28
DA:27,28
DA:28,28
DA:29,28
DA:30,28
DA:31,28
DA:32,28
DA:33,28
DA:34,16
DA:35,16
DA:36,16
DA:37,16
DA:38,16
DA:39,16
DA:40,16
DA:41,16
DA:42,16
DA:43,16
DA:44,16
DA:45,28
DA:46,28
DA:47,28
DA:48,28
DA:49,28
DA:50,28
DA:51,25
DA:52,25
DA:53,25
DA:54,28
DA:55,28
DA:56,28
DA:57,28
DA:58,28
DA:59,28
DA:60,28
DA:61,28
DA:62,28
DA:63,28
DA:64,28
DA:65,0
DA:66,0
DA:67,0
DA:68,28
DA:69,27
DA:70,27
DA:71,27
DA:72,28
DA:73,28
DA:74,28
DA:75,28
DA:76,28
DA:77,28
DA:78,28
DA:79,28
DA:80,28
DA:81,28
LF:81
LH:78
BRDA:18,0,0,28
BRDA:33,1,0,16
BRDA:45,2,0,11
BRDA:50,3,0,25
BRDA:54,4,0,2
BRDA:61,5,0,0
BRDA:61,6,0,27
BRDA:64,7,0,0
BRDA:68,8,0,27
BRDA:74,9,0,1
BRDA:74,10,0,26
BRF:11
BRH:9
end_of_record
TN:
SF:src/app/providers/AppProviders.tsx
FN:19,AppProviders
FN:27,setTheme
FNF:2
FNH:1
FNDA:3,AppProviders
FNDA:0,setTheme
DA:1,1
DA:2,1
DA:3,1
DA:4,1
DA:5,1
DA:6,1
DA:7,1
DA:8,1
DA:9,1
DA:10,1
DA:11,1
DA:12,1
DA:13,1
DA:14,1
DA:15,1
DA:16,1
DA:17,1
DA:18,1
DA:19,3
DA:20,3
DA:21,3
DA:22,3
DA:23,3
DA:24,3
DA:25,3
DA:26,3
DA:27,3
DA:28,0
DA:29,0
DA:30,3
DA:31,3
DA:32,3
DA:33,3
DA:34,3
DA:35,3
DA:36,3
DA:37,3
DA:38,3
LF:38
LH:36
BRDA:19,0,0,3
BRDA:20,1,0,3
BRDA:22,2,0,3
BRF:3
BRH:3
end_of_record
TN:
SF:src/app/providers/useTheme.ts
FN:1,(empty-report)
FNF:1
FNH:0
FNDA:0,(empty-report)
DA:1,0
DA:2,0
DA:3,0
DA:4,0
DA:5,0
DA:6,0
DA:7,0
DA:8,0
DA:9,0
DA:10,0
DA:11,0
DA:12,0
DA:13,0
DA:14,0
DA:15,0
DA:16,0
DA:17,0
DA:18,0
DA:19,0
DA:20,0
DA:21,0
DA:22,0
LF:22
LH:0
BRDA:1,0,0,0
BRF:1
BRH:0
end_of_record
TN:
SF:src/app/router/AppRouter.tsx
FN:11,AppRouter
FNF:1
FNH:1
FNDA:4,AppRouter
DA:1,1
DA:2,1
DA:3,1
DA:4,1
DA:5,1
DA:6,1
DA:7,1
DA:8,1
DA:9,1
DA:10,1
DA:11,4
DA:12,4
DA:13,4
DA:14,4
DA:15,4
DA:16,4
DA:17,4
DA:18,4
DA:19,4
DA:20,4
DA:21,4
LF:21
LH:21
BRDA:5,0,0,1
BRDA:5,1,0,1
BRDA:8,2,0,1
BRDA:8,3,0,1
BRDA:11,4,0,4
BRF:5
BRH:5
end_of_record
TN:
SF:src/modules/todo-list/components/TodoListItem.tsx
FN:9,TodoListItem
FN:54,onClick
FN:77,onClick
FN:86,onClick
FNF:4
FNH:4
FNDA:8,TodoListItem
FNDA:2,onClick
FNDA:5,onClick
FNDA:2,onClick
DA:1,1
DA:2,1
DA:3,1
DA:4,1
DA:5,1
DA:6,1
DA:7,1
DA:8,1
DA:9,8
DA:10,8
DA:11,8
DA:12,8
DA:13,8
DA:14,8
DA:15,8
DA:16,8
DA:17,8
DA:18,8
DA:19,8
DA:20,8
DA:21,8
DA:22,8
DA:23,8
DA:24,8
DA:25,8
DA:26,8
DA:27,8
DA:28,8
DA:29,8
DA:30,8
DA:31,8
DA:32,8
DA:33,8
DA:34,8
DA:35,8
DA:36,8
DA:37,8
DA:38,8
DA:39,8
DA:40,8
DA:41,8
DA:42,8
DA:43,8
DA:44,8
DA:45,8
DA:46,8
DA:47,8
DA:48,8
DA:49,8
DA:50,8
DA:51,8
DA:52,8
DA:53,8
DA:54,8
DA:55,8
DA:56,8
DA:57,8
DA:58,8
DA:59,8
DA:60,8
DA:61,8
DA:62,8
DA:63,8
DA:64,8
DA:65,8
DA:66,6
DA:67,6
DA:68,6
DA:69,8
DA:70,8
DA:71,8
DA:72,8
DA:73,8
DA:74,8
DA:75,8
DA:76,8
DA:77,8
DA:78,8
DA:79,8
DA:80,8
DA:81,8
DA:82,8
DA:83,8
DA:84,8
DA:85,8
DA:86,8
DA:87,8
DA:88,8
DA:89,8
DA:90,8
DA:91,8
DA:92,8
DA:93,8
DA:94,8
LF:94
LH:94
BRDA:9,0,0,8
BRDA:32,1,0,0
BRDA:51,2,0,1
BRDA:51,3,0,7
BRDA:60,4,0,1
BRDA:65,5,0,6
BRDA:69,6,0,2
BRDA:54,7,0,2
BRDA:77,8,0,5
BRDA:86,9,0,2
BRF:10
BRH:9
end_of_record
TN:
SF:src/modules/todo-list/components/forms/TodoItemForm.tsx
FN:8,TodoItemForm
FN:21,handleSubmit
FN:51,onChange
FN:63,onChange
FNF:4
FNH:4
FNDA:24,TodoItemForm
FNDA:5,handleSubmit
FNDA:3,onChange
FNDA:1,onChange
DA:1,1
DA:2,1
DA:3,1
DA:4,1
DA:5,1
DA:6,1
DA:7,1
DA:8,24
DA:9,24
DA:10,24
DA:11,24
DA:12,24
DA:13,24
DA:14,24
DA:15,24
DA:16,24
DA:17,24
DA:18,24
DA:19,24
DA:20,24
DA:21,24
DA:22,5
DA:23,5
DA:24,5
DA:25,5
DA:26,5
DA:27,1
DA:28,1
DA:29,4
DA:30,4
DA:31,5
DA:32,5
DA:33,5
DA:34,4
DA:35,5
DA:36,2
DA:37,2
DA:38,2
DA:39,5
DA:40,24
DA:41,24
DA:42,24
DA:43,24
DA:44,24
DA:45,24
DA:46,24
DA:47,24
DA:48,24
DA:49,24
DA:50,24
DA:51,24
DA:52,24
DA:53,24
DA:54,24
DA:55,24
DA:56,24
DA:57,24
DA:58,24
DA:59,24
DA:60,24
DA:61,24
DA:62,24
DA:63,24
DA:64,24
DA:65,24
DA:66,24
DA:67,24
DA:68,24
DA:69,24
DA:70,24
DA:71,24
DA:72,24
DA:73,24
DA:74,24
DA:75,2
DA:76,2
DA:77,2
DA:78,24
DA:79,24
DA:80,24
DA:81,24
DA:82,24
LF:82
LH:82
BRDA:8,0,0,24
BRDA:16,1,0,3
BRDA:16,2,0,20
BRDA:17,3,0,3
BRDA:17,4,0,20
BRDA:71,5,0,23
BRDA:74,6,0,2
BRDA:78,7,0,21
BRDA:21,8,0,5
BRDA:26,9,0,1
BRDA:29,10,0,4
BRDA:31,11,0,1
BRDA:34,12,0,4
BRDA:35,13,0,2
BRDA:35,14,0,2
BRDA:51,15,0,3
BRDA:63,16,0,1
BRF:17
BRH:17
end_of_record
TN:
SF:src/modules/todo-list/components/forms/TodoListForm.tsx
FN:7,TodoListForm
FN:18,handleSubmit
FN:43,onChange
FNF:3
FNH:3
FNDA:18,TodoListForm
FNDA:4,handleSubmit
FNDA:3,onChange
DA:1,1
DA:2,1
DA:3,1
DA:4,1
DA:5,1
DA:6,1
DA:7,18
DA:8,18
DA:9,18
DA:10,18
DA:11,18
DA:12,18
DA:13,18
DA:14,18
DA:15,18
DA:16,18
DA:17,18
DA:18,18
DA:19,4
DA:20,4
DA:21,4
DA:22,4
DA:23,4
DA:24,1
DA:25,1
DA:26,3
DA:27,3
DA:28,3
DA:29,3
DA:30,2
DA:31,2
DA:32,4
DA:33,18
DA:34,18
DA:35,18
DA:36,18
DA:37,18
DA:38,18
DA:39,18
DA:40,18
DA:41,18
DA:42,18
DA:43,18
DA:44,18
DA:45,18
DA:46,18
DA:47,18
DA:48,18
DA:49,18
DA:50,18
DA:51,18
DA:52,18
DA:53,2
DA:54,2
DA:55,2
DA:56,18
DA:57,18
DA:58,18
DA:59,18
DA:60,18
LF:60
LH:60
BRDA:7,0,0,18
BRDA:49,1,0,17
BRDA:52,2,0,2
BRDA:56,3,0,15
BRDA:18,4,0,4
BRDA:23,5,0,3
BRDA:23,6,0,1
BRDA:29,7,0,2
BRDA:43,8,0,3
BRF:9
BRH:9
end_of_record
TN:
SF:src/modules/todo-list/components/lists/TodoListCard.tsx
FN:8,TodoListCard
FN:44,onClick
FN:53,onClick
FNF:3
FNH:3
FNDA:7,TodoListCard
FNDA:4,onClick
FNDA:2,onClick
DA:1,1
DA:2,1
DA:3,1
DA:4,1
DA:5,1
DA:6,1
DA:7,1
DA:8,7
DA:9,7
DA:10,7
DA:11,7
DA:12,7
DA:13,7
DA:14,7
DA:15,7
DA:16,7
DA:17,7
DA:18,7
DA:19,7
DA:20,7
DA:21,7
DA:22,7
DA:23,7
DA:24,7
DA:25,7
DA:26,7
DA:27,7
DA:28,7
DA:29,7
DA:30,7
DA:31,7
DA:32,7
DA:33,7
DA:34,7
DA:35,7
DA:36,7
DA:37,7
DA:38,7
DA:39,7
DA:40,7
DA:41,7
DA:42,7
DA:43,7
DA:44,7
DA:45,7
DA:46,7
DA:47,7
DA:48,7
DA:49,7
DA:50,7
DA:51,7
DA:52,7
DA:53,7
DA:54,7
DA:55,7
DA:56,7
DA:57,7
DA:58,7
DA:59,7
DA:60,7
DA:61,7
LF:61
LH:61
BRDA:8,0,0,7
BRDA:14,1,0,5
BRDA:44,2,0,4
BRDA:53,3,0,2
BRF:4
BRH:4
end_of_record
TN:
SF:src/modules/todo-list/hooks/useTodoList.ts
FN:13,detail
FN:14,items
FN:15,item
FN:19,useTodoLists
FN:26,useTodoList
FN:30,queryFn
FN:34,useTodoItems
FN:38,queryFn
FN:42,useTodoItem
FN:53,queryFn
FN:57,useCreateTodoList
FN:61,mutationFn
FN:62,onSuccess
FN:68,useUpdateTodoList
FN:72,mutationFn
FN:79,onSuccess
FN:88,useDeleteTodoList
FN:92,mutationFn
FN:93,onSuccess
FN:99,useCreateTodoItem
FN:103,mutationFn
FN:110,onSuccess
FN:119,useToggleTodoItem
FN:123,mutationFn
FN:136,onMutate
FN:159,toggle
FN:188,onError
FN:214,onSettled
FN:230,useUpdateTodoItem
FN:234,mutationFn
FN:241,onSuccess
FN:253,useDeleteTodoItem
FN:257,mutationFn
FN:264,onSuccess
FNF:34
FNH:33
FNDA:9,detail
FNDA:8,items
FNDA:7,item
FNDA:2,useTodoLists
FNDA:3,useTodoList
FNDA:1,queryFn
FNDA:3,useTodoItems
FNDA:1,queryFn
FNDA:3,useTodoItem
FNDA:1,queryFn
FNDA:1,useCreateTodoList
FNDA:1,mutationFn
FNDA:1,onSuccess
FNDA:2,useUpdateTodoList
FNDA:2,mutationFn
FNDA:1,onSuccess
FNDA:1,useDeleteTodoList
FNDA:1,mutationFn
FNDA:1,onSuccess
FNDA:2,useCreateTodoItem
FNDA:2,mutationFn
FNDA:1,onSuccess
FNDA:2,useToggleTodoItem
FNDA:2,mutationFn
FNDA:2,onMutate
FNDA:0,toggle
FNDA:1,onError
FNDA:2,onSettled
FNDA:2,useUpdateTodoItem
FNDA:2,mutationFn
FNDA:1,onSuccess
FNDA:2,useDeleteTodoItem
FNDA:2,mutationFn
FNDA:1,onSuccess
DA:1,1
DA:2,1
DA:3,1
DA:4,1
DA:5,1
DA:6,1
DA:7,1
DA:8,1
DA:9,1
DA:10,1
DA:11,1
DA:12,1
DA:13,1
DA:14,1
DA:15,1
DA:16,1
DA:17,1
DA:18,1
DA:19,2
DA:20,2
DA:21,2
DA:22,2
DA:23,2
DA:24,2
DA:25,1
DA:26,3
DA:27,3
DA:28,3
DA:29,3
DA:30,3
DA:31,3
DA:32,3
DA:33,1
DA:34,3
DA:35,3
DA:36,3
DA:37,3
DA:38,3
DA:39,3
DA:40,3
DA:41,1
DA:42,3
DA:43,3
DA:44,3
DA:45,3
DA:46,3
DA:47,3
DA:48,3
DA:49,3
DA:50,3
DA:51,3
DA:52,3
DA:53,3
DA:54,3
DA:55,3
DA:56,1
DA:57,1
DA:58,1
DA:59,1
DA:60,1
DA:61,1
DA:62,1
DA:63,1
DA:64,1
DA:65,1
DA:66,1
DA:67,1
DA:68,2
DA:69,2
DA:70,2
DA:71,2
DA:72,2
DA:73,2
DA:74,1
DA:75,1
DA:76,1
DA:77,1
DA:78,2
DA:79,2
DA:80,1
DA:81,1
DA:82,1
DA:83,1
DA:84,2
DA:85,2
DA:86,2
DA:87,1
DA:88,1
DA:89,1
DA:90,1
DA:91,1
DA:92,1
DA:93,1
DA:94,1
DA:95,1
DA:96,1
DA:97,1
DA:98,1
DA:99,2
DA:100,2
DA:101,2
DA:102,2
DA:103,2
DA:104,2
DA:105,1
DA:106,1
DA:107,1
DA:108,1
DA:109,2
DA:110,2
DA:111,1
DA:112,1
DA:113,1
DA:114,1
DA:115,2
DA:116,2
DA:117,2
DA:118,1
DA:119,2
DA:120,2
DA:121,2
DA:122,2
DA:123,2
DA:124,2
DA:125,1
DA:126,1
DA:127,1
DA:128,1
DA:129,1
DA:130,1
DA:131,1
DA:132,1
DA:133,1
DA:134,1
DA:135,2
DA:136,2
DA:137,2
DA:138,1
DA:139,1
DA:140,1
DA:141,1
DA:142,1
DA:143,1
DA:144,1
DA:145,1
DA:146,1
DA:147,1
DA:148,1
DA:149,1
DA:150,1
DA:151,1
DA:152,1
DA:153,1
DA:154,1
DA:155,1
DA:156,1
DA:157,1
DA:158,1
DA:159,1
DA:160,0
DA:161,0
DA:162,0
DA:163,1
DA:164,2
DA:165,0
DA:166,0
DA:167,0
DA:168,0
DA:169,1
DA:170,2
DA:171,0
DA:172,0
DA:173,0
DA:174,0
DA:175,0
DA:176,0
DA:177,0
DA:178,1
DA:179,2
DA:180,0
DA:181,0
DA:182,0
DA:183,0
DA:184,0
DA:185,1
DA:186,1
DA:187,2
DA:188,2
DA:189,1
DA:190,1
DA:191,1
DA:192,0
DA:193,0
DA:194,0
DA:195,0
DA:196,0
DA:197,0
DA:198,0
DA:199,0
DA:200,0
DA:201,0
DA:202,0
DA:203,0
DA:204,0
DA:205,0
DA:206,0
DA:207,0
DA:208,0
DA:209,0
DA:210,0
DA:211,0
DA:212,0
DA:213,2
DA:214,2
DA:215,2
DA:216,1
DA:217,1
DA:218,1
DA:219,1
DA:220,1
DA:221,1
DA:222,1
DA:223,1
DA:224,1
DA:225,1
DA:226,2
DA:227,2
DA:228,2
DA:229,1
DA:230,2
DA:231,2
DA:232,2
DA:233,2
DA:234,2
DA:235,2
DA:236,1
DA:237,1
DA:238,1
DA:239,1
DA:240,2
DA:241,2
DA:242,1
DA:243,1
DA:244,1
DA:245,1
DA:246,1
DA:247,1
DA:248,1
DA:249,2
DA:250,2
DA:251,2
DA:252,1
DA:253,2
DA:254,2
DA:255,2
DA:256,2
DA:257,2
DA:258,2
DA:259,1
DA:260,1
DA:261,1
DA:262,1
DA:263,2
DA:264,2
DA:265,1
DA:266,1
DA:267,1
DA:268,1
DA:269,1
DA:270,1
DA:271,1
DA:272,2
DA:273,2
DA:274,2
LF:274
LH:234
BRDA:13,0,0,9
BRDA:14,1,0,8
BRDA:15,2,0,7
BRDA:19,3,0,2
BRDA:26,4,0,3
BRDA:28,5,0,2
BRDA:29,6,0,2
BRDA:29,7,0,1
BRDA:30,8,0,1
BRDA:34,9,0,3
BRDA:37,10,0,2
BRDA:37,11,0,1
BRDA:38,12,0,1
BRDA:42,13,0,3
BRDA:48,14,0,2
BRDA:48,15,0,2
BRDA:50,16,0,2
BRDA:51,17,0,2
BRDA:52,18,0,1
BRDA:53,19,0,1
BRDA:57,20,0,1
BRDA:61,21,0,1
BRDA:62,22,0,1
BRDA:68,23,0,2
BRDA:72,24,0,2
BRDA:73,25,0,1
BRDA:79,26,0,1
BRDA:88,27,0,1
BRDA:92,28,0,1
BRDA:93,29,0,1
BRDA:99,30,0,2
BRDA:103,31,0,2
BRDA:104,32,0,1
BRDA:110,33,0,1
BRDA:119,34,0,2
BRDA:123,35,0,2
BRDA:124,36,0,1
BRDA:136,37,0,2
BRDA:137,38,0,1
BRDA:164,39,0,0
BRDA:169,40,0,1
BRDA:170,41,0,0
BRDA:178,42,0,1
BRDA:179,43,0,0
BRDA:185,44,0,1
BRDA:188,45,0,1
BRDA:189,46,0,0
BRDA:192,47,0,0
BRDA:214,48,0,2
BRDA:215,49,0,1
BRDA:215,50,0,1
BRDA:230,51,0,2
BRDA:234,52,0,2
BRDA:235,53,0,1
BRDA:235,54,0,1
BRDA:241,55,0,1
BRDA:253,56,0,2
BRDA:257,57,0,2
BRDA:258,58,0,1
BRDA:264,59,0,1
BRF:60
BRH:55
end_of_record
TN:
SF:src/modules/todo-list/pages/TodoListPage.tsx
FN:35,TodoListPage
FN:72,handleToggleTodo
FN:76,handleDeleteTodo
FN:80,handleCreateTodoItem
FN:84,handleUpdateTodoItem
FN:89,handleDragEnd
FN:199,onClose
FN:216,onCancel
FNF:8
FNH:7
FNDA:17,TodoListPage
FNDA:1,handleToggleTodo
FNDA:1,handleDeleteTodo
FNDA:1,handleCreateTodoItem
FNDA:1,handleUpdateTodoItem
FNDA:0,handleDragEnd
FNDA:1,onClose
FNDA:1,onCancel
DA:1,1
DA:2,1
DA:3,1
DA:4,1
DA:5,1
DA:6,1
DA:7,1
DA:8,1
DA:9,1
DA:10,1
DA:11,1
DA:12,1
DA:13,1
DA:14,1
DA:15,1
DA:16,1
DA:17,1
DA:18,1
DA:19,1
DA:20,1
DA:21,1
DA:22,1
DA:23,1
DA:24,1
DA:25,1
DA:26,1
DA:27,1
DA:28,1
DA:29,1
DA:30,1
DA:31,1
DA:32,1
DA:33,1
DA:34,1
DA:35,17
DA:36,17
DA:37,17
DA:38,17
DA:39,17
DA:40,17
DA:41,17
DA:42,17
DA:43,17
DA:44,17
DA:45,17
DA:46,17
DA:47,17
DA:48,17
DA:49,17
DA:50,17
DA:51,17
DA:52,17
DA:53,17
DA:54,17
DA:55,17
DA:56,7
DA:57,17
DA:58,17
DA:59,17
DA:60,17
DA:61,17
DA:62,17
DA:63,17
DA:64,17
DA:65,17
DA:66,17
DA:67,5
DA:68,4
DA:69,4
DA:70,17
DA:71,17
DA:72,17
DA:73,1
DA:74,1
DA:75,17
DA:76,17
DA:77,1
DA:78,1
DA:79,17
DA:80,17
DA:81,1
DA:82,1
DA:83,17
DA:84,17
DA:85,1
DA:86,1
DA:87,1
DA:88,17
DA:89,17
DA:90,0
DA:91,0
DA:92,0
DA:93,0
DA:94,0
DA:95,0
DA:96,0
DA:97,0
DA:98,0
DA:99,0
DA:100,0
DA:101,0
DA:102,0
DA:103,0
DA:104,0
DA:105,17
DA:106,17
DA:107,2
DA:108,2
DA:109,2
DA:110,2
DA:111,2
DA:112,2
DA:113,2
DA:114,2
DA:115,2
DA:116,2
DA:117,2
DA:118,2
DA:119,2
DA:120,14
DA:121,14
DA:122,14
DA:123,14
DA:124,14
DA:125,17
DA:126,17
DA:127,17
DA:128,17
DA:129,17
DA:130,17
DA:131,17
DA:132,17
DA:133,17
DA:134,17
DA:135,17
DA:136,17
DA:137,17
DA:138,17
DA:139,17
DA:140,17
DA:141,17
DA:142,17
DA:143,17
DA:144,17
DA:145,17
DA:146,17
DA:147,1
DA:148,1
DA:149,1
DA:150,17
DA:151,17
DA:152,17
DA:153,1
DA:154,1
DA:155,1
DA:156,1
DA:157,17
DA:158,17
DA:159,17
DA:160,17
DA:161,17
DA:162,4
DA:163,4
DA:164,4
DA:165,4
DA:166,17
DA:167,17
DA:168,17
DA:169,17
DA:170,17
DA:171,8
DA:172,8
DA:173,8
DA:174,8
DA:175,8
DA:176,8
DA:177,8
DA:178,8
DA:179,8
DA:180,8
DA:181,8
DA:182,8
DA:183,8
DA:184,8
DA:185,8
DA:186,8
DA:187,8
DA:188,8
DA:189,8
DA:190,8
DA:191,8
DA:192,8
DA:193,17
DA:194,17
DA:195,17
DA:196,17
DA:197,17
DA:198,17
DA:199,17
DA:200,17
DA:201,17
DA:202,17
DA:203,7
DA:204,7
DA:205,7
DA:206,17
DA:207,17
DA:208,17
DA:209,7
DA:210,7
DA:211,7
DA:212,7
DA:213,7
DA:214,7
DA:215,7
DA:216,7
DA:217,7
DA:218,7
DA:219,7
DA:220,17
DA:221,17
DA:222,17
DA:223,17
DA:224,17
LF:224
LH:209
BRDA:35,0,0,17
BRDA:40,1,0,14
BRDA:106,2,0,2
BRDA:120,3,0,14
BRDA:125,4,0,12
BRDA:125,5,0,2
BRDA:129,6,0,12
BRDA:129,7,0,2
BRDA:131,8,0,12
BRDA:131,9,0,2
BRDA:146,10,0,13
BRDA:146,11,0,1
BRDA:150,12,0,13
BRDA:152,13,0,13
BRDA:152,14,0,1
BRDA:157,15,0,13
BRDA:159,16,0,13
BRDA:160,17,0,12
BRDA:161,18,0,4
BRDA:166,19,0,10
BRDA:168,20,0,13
BRDA:169,21,0,12
BRDA:170,22,0,8
BRDA:193,23,0,6
BRDA:202,24,0,7
BRDA:206,25,0,7
BRDA:208,26,0,7
BRDA:220,27,0,7
BRDA:55,28,0,7
BRDA:56,29,0,2
BRDA:66,30,0,5
BRDA:67,31,0,4
BRDA:72,32,0,1
BRDA:76,33,0,1
BRDA:80,34,0,1
BRDA:84,35,0,1
BRDA:176,36,0,8
BRDA:178,37,0,8
BRDA:199,38,0,1
BRDA:216,39,0,1
BRF:40
BRH:40
end_of_record
TN:
SF:src/modules/todo-list/pages/TodoListsPage.tsx
FN:17,TodoListsPage
FN:36,handleCreateTodoList
FN:40,handleUpdateTodoList
FN:45,handleDeleteTodoList
FN:126,onClose
FN:140,onCancel
FNF:6
FNH:6
FNDA:11,TodoListsPage
FNDA:1,handleCreateTodoList
FNDA:1,handleUpdateTodoList
FNDA:1,handleDeleteTodoList
FNDA:1,onClose
FNDA:1,onCancel
DA:1,1
DA:2,1
DA:3,1
DA:4,1
DA:5,1
DA:6,1
DA:7,1
DA:8,1
DA:9,1
DA:10,1
DA:11,1
DA:12,1
DA:13,1
DA:14,1
DA:15,1
DA:16,1
DA:17,11
DA:18,11
DA:19,11
DA:20,11
DA:21,11
DA:22,11
DA:23,11
DA:24,11
DA:25,11
DA:26,11
DA:27,4
DA:28,4
DA:29,4
DA:30,4
DA:31,4
DA:32,4
DA:33,4
DA:34,11
DA:35,11
DA:36,11
DA:37,1
DA:38,1
DA:39,11
DA:40,11
DA:41,1
DA:42,1
DA:43,1
DA:44,11
DA:45,11
DA:46,1
DA:47,1
DA:48,11
DA:49,11
DA:50,11
DA:51,11
DA:52,11
DA:53,11
DA:54,11
DA:55,11
DA:56,11
DA:57,11
DA:58,11
DA:59,11
DA:60,11
DA:61,11
DA:62,11
DA:63,11
DA:64,11
DA:65,11
DA:66,11
DA:67,11
DA:68,11
DA:69,11
DA:70,11
DA:71,11
DA:72,11
DA:73,11
DA:74,11
DA:75,11
DA:76,11
DA:77,11
DA:78,11
DA:79,11
DA:80,11
DA:81,1
DA:82,1
DA:83,1
DA:84,11
DA:85,11
DA:86,11
DA:87,1
DA:88,1
DA:89,1
DA:90,1
DA:91,11
DA:92,11
DA:93,11
DA:94,11
DA:95,11
DA:96,11
DA:97,1
DA:98,1
DA:99,1
DA:100,1
DA:101,11
DA:102,11
DA:103,11
DA:104,11
DA:105,11
DA:106,11
DA:107,7
DA:108,7
DA:109,7
DA:110,7
DA:111,7
DA:112,7
DA:113,7
DA:114,7
DA:115,7
DA:116,7
DA:117,7
DA:118,11
DA:119,11
DA:120,11
DA:121,11
DA:122,11
DA:123,11
DA:124,11
DA:125,11
DA:126,11
DA:127,11
DA:128,11
DA:129,11
DA:130,1
DA:131,1
DA:132,1
DA:133,11
DA:134,11
DA:135,11
DA:136,2
DA:137,2
DA:138,2
DA:139,2
DA:140,2
DA:141,2
DA:142,2
DA:143,2
DA:144,11
DA:145,11
DA:146,11
DA:147,11
DA:148,11
LF:148
LH:148
BRDA:17,0,0,11
BRDA:80,1,0,1
BRDA:84,2,0,9
BRDA:86,3,0,1
BRDA:91,4,0,9
BRDA:93,5,0,9
BRDA:94,6,0,8
BRDA:95,7,0,8
BRDA:96,8,0,1
BRDA:101,9,0,9
BRDA:103,10,0,9
BRDA:104,11,0,8
BRDA:105,12,0,8
BRDA:106,13,0,7
BRDA:118,14,0,3
BRDA:129,15,0,1
BRDA:133,16,0,9
BRDA:135,17,0,2
BRDA:144,18,0,8
BRDA:26,19,0,4
BRDA:27,20,0,1
BRDA:28,21,0,2
BRDA:36,22,0,1
BRDA:40,23,0,1
BRDA:45,24,0,1
BRDA:108,25,0,7
BRDA:126,26,0,1
BRDA:140,27,0,1
BRF:28
BRH:28
end_of_record
TN:
SF:src/modules/todo-list/routes/TodoListRoute.tsx
FN:3,TodoListRoute
FNF:1
FNH:1
FNDA:1,TodoListRoute
DA:1,1
DA:2,1
DA:3,1
DA:4,1
DA:5,1
LF:5
LH:5
BRDA:3,0,0,1
BRF:1
BRH:1
end_of_record
TN:
SF:src/modules/todo-list/routes/TodoListsRoute.tsx
FN:3,TodoListsRoute
FNF:1
FNH:1
FNDA:1,TodoListsRoute
DA:1,1
DA:2,1
DA:3,1
DA:4,1
DA:5,1
LF:5
LH:5
BRDA:3,0,0,1
BRF:1
BRH:1
end_of_record
TN:
SF:src/modules/todo-list/services/todoList.service.ts
FN:11,getTodoLists
FN:15,createTodoList
FN:22,getTodoListById
FN:26,updateTodoList
FN:33,deleteTodoList
FN:39,getTodoItems
FN:43,createTodoItem
FN:50,getTodoItemById
FN:54,updateTodoItem
FN:65,deleteTodoItem
FNF:10
FNH:10
FNDA:1,getTodoLists
FNDA:1,createTodoList
FNDA:1,getTodoListById
FNDA:1,updateTodoList
FNDA:1,deleteTodoList
FNDA:1,getTodoItems
FNDA:1,createTodoItem
FNDA:1,getTodoItemById
FNDA:1,updateTodoItem
FNDA:1,deleteTodoItem
DA:1,1
DA:2,1
DA:3,1
DA:4,1
DA:5,1
DA:6,1
DA:7,1
DA:8,1
DA:9,1
DA:10,1
DA:11,1
DA:12,1
DA:13,1
DA:14,1
DA:15,1
DA:16,1
DA:17,1
DA:18,1
DA:19,1
DA:20,1
DA:21,1
DA:22,1
DA:23,1
DA:24,1
DA:25,1
DA:26,1
DA:27,1
DA:28,1
DA:29,1
DA:30,1
DA:31,1
DA:32,1
DA:33,1
DA:34,1
DA:35,1
DA:36,1
DA:37,1
DA:38,1
DA:39,1
DA:40,1
DA:41,1
DA:42,1
DA:43,1
DA:44,1
DA:45,1
DA:46,1
DA:47,1
DA:48,1
DA:49,1
DA:50,1
DA:51,1
DA:52,1
DA:53,1
DA:54,1
DA:55,1
DA:56,1
DA:57,1
DA:58,1
DA:59,1
DA:60,1
DA:61,1
DA:62,1
DA:63,1
DA:64,1
DA:65,1
DA:66,1
DA:67,1
DA:68,1
DA:69,1
DA:70,1
DA:71,1
DA:72,1
DA:73,1
DA:74,1
DA:75,1
DA:76,1
DA:77,1
DA:78,1
DA:79,1
DA:80,1
DA:81,1
DA:82,1
LF:82
LH:82
BRDA:11,0,0,1
BRDA:15,1,0,1
BRDA:22,2,0,1
BRDA:26,3,0,1
BRDA:33,4,0,1
BRDA:39,5,0,1
BRDA:43,6,0,1
BRDA:50,7,0,1
BRDA:54,8,0,1
BRDA:65,9,0,1
BRF:10
BRH:10
end_of_record
TN:
SF:src/shared/components/button/Button.tsx
FN:5,Button
FNF:1
FNH:1
FNDA:87,Button
DA:1,1
DA:2,1
DA:3,1
DA:4,1
DA:5,87
DA:6,87
DA:7,87
DA:8,87
DA:9,87
DA:10,87
DA:11,87
DA:12,87
DA:13,87
DA:14,87
DA:15,87
DA:16,87
DA:17,87
DA:18,87
DA:19,87
DA:20,87
DA:21,87
DA:22,87
DA:23,87
DA:24,87
DA:25,87
DA:26,87
DA:27,87
DA:28,87
DA:29,87
DA:30,87
DA:31,87
DA:32,87
DA:33,87
DA:34,87
DA:35,87
DA:36,87
DA:37,87
DA:38,87
DA:39,87
DA:40,87
DA:41,87
DA:42,87
DA:43,87
LF:43
LH:43
BRDA:5,0,0,87
BRDA:20,1,0,43
BRDA:22,2,0,20
BRDA:24,3,0,16
BRDA:26,4,0,8
BRDA:28,5,0,1
BRDA:29,6,0,85
BRDA:30,7,0,1
BRDA:31,8,0,63
BRDA:32,9,0,24
BRDA:39,10,0,38
BRDA:39,11,0,49
BRF:12
BRH:12
end_of_record
TN:
SF:src/shared/components/checkbox/Checkbox.tsx
FN:6,Checkbox
FNF:1
FNH:1
FNDA:9,Checkbox
DA:1,1
DA:2,1
DA:3,1
DA:4,1
DA:5,1
DA:6,9
DA:7,9
DA:8,9
DA:9,9
DA:10,9
DA:11,9
DA:12,9
DA:13,9
DA:14,9
DA:15,9
DA:16,9
DA:17,9
DA:18,9
DA:19,9
DA:20,9
DA:21,9
DA:22,9
DA:23,9
DA:24,9
DA:25,9
DA:26,9
DA:27,9
DA:28,9
DA:29,9
LF:29
LH:29
BRDA:6,0,0,9
BRDA:19,1,0,2
BRDA:26,2,0,2
BRDA:26,3,0,7
BRF:4
BRH:4
end_of_record
TN:
SF:src/shared/components/chip/Chip.tsx
FN:4,Chip
FNF:1
FNH:1
FNDA:7,Chip
DA:1,1
DA:2,1
DA:3,1
DA:4,7
DA:5,7
DA:6,7
DA:7,7
DA:8,7
DA:9,7
DA:10,7
DA:11,7
DA:12,7
DA:13,7
DA:14,7
DA:15,7
DA:16,7
DA:17,7
LF:17
LH:17
BRDA:4,0,0,7
BRDA:9,1,0,0
BRF:2
BRH:1
end_of_record
TN:
SF:src/shared/components/empty-state/EmptyState.tsx
FN:3,EmptyState
FNF:1
FNH:1
FNDA:11,EmptyState
DA:1,1
DA:2,1
DA:3,11
DA:4,11
DA:5,11
DA:6,11
DA:7,11
DA:8,10
DA:9,10
DA:10,10
DA:11,11
DA:12,11
DA:13,11
DA:14,11
DA:15,11
LF:15
LH:15
BRDA:3,0,0,11
BRDA:7,1,0,10
BRDA:11,2,0,1
BRDA:12,3,0,1
BRDA:12,4,0,10
BRF:5
BRH:5
end_of_record
TN:
SF:src/shared/components/form-field/FormField.tsx
FN:3,FormField
FNF:1
FNH:1
FNDA:65,FormField
DA:1,1
DA:2,1
DA:3,65
DA:4,65
DA:5,65
DA:6,65
DA:7,65
DA:8,65
DA:9,65
DA:10,65
DA:11,65
DA:12,65
DA:13,65
DA:14,65
DA:15,65
DA:16,65
DA:17,65
DA:18,65
DA:19,65
DA:20,65
DA:21,65
DA:22,65
DA:23,65
DA:24,65
LF:24
LH:24
BRDA:3,0,0,65
BRDA:20,1,0,1
BRDA:20,2,0,64
BRDA:21,3,0,64
BRDA:21,4,0,64
BRDA:21,5,0,1
BRF:6
BRH:6
end_of_record
TN:
SF:src/shared/components/icon/Icon.tsx
FN:4,Icon
FNF:1
FNH:1
FNDA:64,Icon
DA:1,1
DA:2,1
DA:3,1
DA:4,64
DA:5,64
DA:6,64
LF:6
LH:6
BRDA:4,0,0,64
BRF:1
BRH:1
end_of_record
TN:
SF:src/shared/components/input/Input.tsx
FNF:0
FNH:0
DA:1,1
DA:2,1
DA:3,1
DA:4,1
DA:5,1
DA:6,1
DA:7,43
DA:8,43
DA:9,43
DA:10,43
DA:11,43
DA:12,43
DA:13,43
DA:14,43
DA:15,43
DA:16,43
DA:17,43
DA:18,1
DA:19,1
DA:20,1
LF:20
LH:20
BRDA:6,0,0,43
BRF:1
BRH:1
end_of_record
TN:
SF:src/shared/components/layout/PanelLayout.tsx
FN:4,PanelLayout
FNF:1
FNH:1
FNDA:29,PanelLayout
DA:1,1
DA:2,1
DA:3,1
DA:4,29
DA:5,29
DA:6,29
DA:7,29
DA:8,29
DA:9,29
DA:10,29
DA:11,29
DA:12,29
DA:13,29
DA:14,29
DA:15,29
DA:16,29
DA:17,29
LF:17
LH:17
BRDA:4,0,0,29
BRF:1
BRH:1
end_of_record
TN:
SF:src/shared/components/modal/Modal.tsx
FN:5,Modal
FNF:1
FNH:1
FNDA:25,Modal
DA:1,1
DA:2,1
DA:3,1
DA:4,1
DA:5,25
DA:6,25
DA:7,25
DA:8,25
DA:9,25
DA:10,25
DA:11,25
DA:12,25
DA:13,25
DA:14,18
DA:15,18
DA:16,7
DA:17,7
DA:18,7
DA:19,7
DA:20,7
DA:21,7
DA:22,7
DA:23,7
DA:24,7
DA:25,7
DA:26,7
DA:27,8
DA:28,6
DA:29,25
DA:30,25
DA:31,25
DA:32,25
DA:33,25
DA:34,25
DA:35,25
DA:36,25
DA:37,25
DA:38,25
DA:39,25
DA:40,25
DA:41,25
DA:42,25
DA:43,25
DA:44,25
DA:45,25
LF:45
LH:45
BRDA:5,0,0,25
BRDA:13,1,0,18
BRDA:16,2,0,8
BRDA:16,3,0,7
BRDA:27,4,0,6
BRDA:29,5,0,1
BRDA:41,6,0,1
BRDA:41,7,0,6
BRF:8
BRH:8
end_of_record
TN:
SF:src/shared/components/page-header/PageHeader.tsx
FN:3,PageHeader
FNF:1
FNH:1
FNDA:24,PageHeader
DA:1,1
DA:2,1
DA:3,24
DA:4,24
DA:5,24
DA:6,24
DA:7,24
DA:8,24
DA:9,24
DA:10,24
DA:11,24
DA:12,24
DA:13,23
DA:14,23
DA:15,23
DA:16,24
DA:17,24
DA:18,24
DA:19,24
DA:20,24
DA:21,24
DA:22,23
DA:23,23
DA:24,23
DA:25,24
DA:26,24
DA:27,24
DA:28,24
DA:29,24
DA:30,24
DA:31,24
LF:31
LH:31
BRDA:3,0,0,24
BRDA:12,1,0,23
BRDA:16,2,0,1
BRDA:21,3,0,23
BRDA:25,4,0,1
BRDA:28,5,0,1
BRDA:28,6,0,23
BRF:7
BRH:7
end_of_record
TN:
SF:src/shared/components/spinner/Spinner.tsx
FN:3,Spinner
FNF:1
FNH:1
FNDA:5,Spinner
DA:1,1
DA:2,1
DA:3,5
DA:4,5
DA:5,5
DA:6,5
DA:7,5
DA:8,5
DA:9,5
DA:10,5
DA:11,5
LF:11
LH:11
BRDA:3,0,0,5
BRF:1
BRH:1
end_of_record
TN:
SF:src/shared/components/switch/Switch.tsx
FN:4,Switch
FN:13,handleClick
FN:21,handleKeyDown
FNF:3
FNH:3
FNDA:30,Switch
FNDA:3,handleClick
FNDA:2,handleKeyDown
DA:1,1
DA:2,1
DA:3,1
DA:4,30
DA:5,30
DA:6,30
DA:7,30
DA:8,30
DA:9,30
DA:10,30
DA:11,30
DA:12,30
DA:13,30
DA:14,3
DA:15,0
DA:16,0
DA:17,3
DA:18,3
DA:19,3
DA:20,30
DA:21,30
DA:22,2
DA:23,2
DA:24,2
DA:25,2
DA:26,2
DA:27,30
DA:28,30
DA:29,30
DA:30,30
DA:31,30
DA:32,30
DA:33,30
DA:34,30
DA:35,30
DA:36,30
DA:37,30
DA:38,30
DA:39,30
DA:40,30
DA:41,30
DA:42,30
DA:43,30
DA:44,30
DA:45,30
DA:46,30
DA:47,30
DA:48,30
DA:49,30
DA:50,30
DA:51,30
DA:52,30
DA:53,30
DA:54,30
DA:55,30
DA:56,30
DA:57,30
DA:58,30
DA:59,30
LF:59
LH:57
BRDA:4,0,0,30
BRDA:46,1,0,1
BRDA:52,2,0,1
BRDA:56,3,0,0
BRDA:13,4,0,3
BRDA:14,5,0,0
BRDA:21,6,0,2
BRDA:22,7,0,1
BRF:8
BRH:6
end_of_record
TN:
SF:src/shared/components/textarea/Textarea.tsx
FNF:0
FNH:0
DA:1,1
DA:2,1
DA:3,1
DA:4,1
DA:5,1
DA:6,1
DA:7,24
DA:8,24
DA:9,24
DA:10,24
DA:11,24
DA:12,24
DA:13,24
DA:14,24
DA:15,24
DA:16,24
DA:17,24
DA:18,24
DA:19,1
DA:20,1
DA:21,1
LF:21
LH:21
BRDA:6,0,0,24
BRF:1
BRH:1
end_of_record
TN:
SF:src/shared/lib/api.ts
FN:9,apiFetch
FNF:1
FNH:1
FNDA:4,apiFetch
DA:1,1
DA:2,1
DA:3,1
DA:4,1
DA:5,1
DA:6,1
DA:7,1
DA:8,1
DA:9,1
DA:10,4
DA:11,4
DA:12,4
DA:13,4
DA:14,4
DA:15,4
DA:16,4
DA:17,4
DA:18,4
DA:19,4
DA:20,4
DA:21,4
DA:22,4
DA:23,4
DA:24,4
DA:25,4
DA:26,4
DA:27,2
DA:28,2
DA:29,2
DA:30,2
DA:31,4
DA:32,1
DA:33,1
DA:34,1
DA:35,1
DA:36,1
LF:36
LH:36
BRDA:9,0,0,4
BRDA:15,1,0,1
BRDA:20,2,0,1
BRDA:20,3,0,3
BRDA:23,4,0,1
BRDA:23,5,0,3
BRDA:26,6,0,2
BRDA:28,7,0,1
BRDA:31,8,0,1
BRF:9
BRH:9
end_of_record
TN:
SF:src/shared/lib/cn.ts
FN:3,cn
FNF:1
FNH:1
FNDA:321,cn
DA:1,1
DA:2,1
DA:3,321
DA:4,321
DA:5,321
LF:5
LH:5
BRDA:3,0,0,321
BRF:1
BRH:1
end_of_record
TN:
SF:src/shared/lib/queryClient.ts
FNF:0
FNH:0
DA:1,1
DA:2,1
DA:3,1
DA:4,1
DA:5,1
DA:6,1
DA:7,1
DA:8,1
DA:9,1
DA:10,1
DA:11,1
LF:11
LH:11
BRF:0
BRH:0
end_of_record
TN:
SF:src/shared/lib/theme.ts
FN:5,getSystemTheme
FN:13,getInitialTheme
FN:27,applyThemeToDocument
FN:36,persistTheme
FNF:4
FNH:4
FNDA:2,getSystemTheme
FNDA:5,getInitialTheme
FNDA:4,applyThemeToDocument
FNDA:4,persistTheme
DA:1,1
DA:2,1
DA:3,1
DA:4,1
DA:5,2
DA:6,2
DA:7,1
DA:8,1
DA:9,1
DA:10,2
DA:11,2
DA:12,1
DA:13,5
DA:14,5
DA:15,0
DA:16,0
DA:17,5
DA:18,5
DA:19,5
DA:20,5
DA:21,3
DA:22,3
DA:23,2
DA:24,2
DA:25,2
DA:26,1
DA:27,4
DA:28,4
DA:29,0
DA:30,0
DA:31,4
DA:32,4
DA:33,4
DA:34,4
DA:35,1
DA:36,4
DA:37,4
DA:38,0
DA:39,0
DA:40,4
DA:41,4
DA:42,4
LF:42
LH:36
BRDA:5,0,0,2
BRDA:6,1,0,1
BRDA:10,2,0,0
BRDA:13,3,0,5
BRDA:14,4,0,0
BRDA:20,5,0,2
BRDA:20,6,0,4
BRDA:20,7,0,3
BRDA:23,8,0,2
BRDA:27,9,0,4
BRDA:28,10,0,0
BRDA:36,11,0,4
BRDA:37,12,0,0
BRF:13
BRH:9
end_of_record
